<?xml version="1.0" encoding="UTF-8"?>
<!-- Generated by org.testng.reporters.JUnitXMLReporter -->
<testsuite ignored="0" hostname="sami5671" failures="1" tests="1" name="FlipkartAutomation" time="15.559" errors="0" timestamp="2026-02-15T22:53:50 BDT">
  <testcase classname="io.cucumber.testng.AbstractTestNGCucumberTests" name="runScenario" time="13.201">
    <failure type="java.lang.NullPointerException" message="Cannot invoke &amp;quot;org.apache.poi.ss.usermodel.Sheet.getRow(int)&amp;quot; because &amp;quot;sheet&amp;quot; is null">
      <![CDATA[java.lang.NullPointerException: Cannot invoke "org.apache.poi.ss.usermodel.Sheet.getRow(int)" because "sheet" is null
at com.Utilities.ExcelUtility.excelRead(ExcelUtility.java:19)
at com.Pages.SearchPage.Searchwithexcel(SearchPage.java:98)
at com.Stepdefinations.SearchWithExcel_Stepdefination.enter_search_text_in_the_search_field(SearchWithExcel_Stepdefination.java:21)
at ✽.Enter Search Text In the Search Field(file:///E:/SQA_Hobby_Projects/Learn_Selenium/Filpcart_Automation_Test/Flipcart_EndToEnd_Testing/src/test/resources/Features/SearchFunctionality.feature:71)
]]>
    </failure>
  </testcase> <!-- runScenario -->
</testsuite> <!-- FlipkartAutomation -->
