<?xml version="1.0" encoding="UTF-8"?>
<testng-results ignored="0" total="1" passed="1" failed="0" skipped="0">
  <reporter-output>
  </reporter-output>
  <suite started-at="2026-02-16T15:24:35 BDT" name="Default suite" finished-at="2026-02-16T15:26:05 BDT" duration-ms="89890">
    <groups>
      <group name="cucumber">
        <method signature="AbstractTestNGCucumberTests.runScenario(io.cucumber.testng.PickleWrapper,io.cucumber.testng.FeatureWrapper)[pri:0, instance:com.TestRunner.runner@5f8edcc5]" name="runScenario" class="io.cucumber.testng.AbstractTestNGCucumberTests"/>
      </group> <!-- cucumber -->
    </groups>
    <test started-at="2026-02-16T15:24:35 BDT" name="Default test" finished-at="2026-02-16T15:26:05 BDT" duration-ms="89890">
      <class name="com.TestRunner.runner">
        <test-method is-config="true" signature="setUpClass(org.testng.ITestContext)[pri:0, instance:com.TestRunner.runner@5f8edcc5]" started-at="2026-02-16T15:24:35 BDT" name="setUpClass" finished-at="2026-02-16T15:24:37 BDT" duration-ms="1773" status="PASS">
          <params>
            <param index="0">
              <value>
                <![CDATA[org.testng.TestRunner@595fed99]]>
              </value>
            </param>
          </params>
          <reporter-output>
          </reporter-output>
        </test-method> <!-- setUpClass -->
        <test-method signature="runScenario(io.cucumber.testng.PickleWrapper,io.cucumber.testng.FeatureWrapper)[pri:0, instance:com.TestRunner.runner@5f8edcc5]" started-at="2026-02-16T15:24:37 BDT" name="runScenario" description="Runs Cucumber Scenarios" data-provider="scenarios" finished-at="2026-02-16T15:26:04 BDT" duration-ms="86600" status="PASS">
          <params>
            <param index="0">
              <value>
                <![CDATA["To test the search fuctionality with excel sheet"]]>
              </value>
            </param>
            <param index="1">
              <value>
                <![CDATA["To validate the Flipkart Application"]]>
              </value>
            </param>
          </params>
          <reporter-output>
          </reporter-output>
        </test-method> <!-- runScenario -->
        <test-method is-config="true" signature="tearDownClass()[pri:0, instance:com.TestRunner.runner@5f8edcc5]" started-at="2026-02-16T15:26:04 BDT" name="tearDownClass" finished-at="2026-02-16T15:26:05 BDT" duration-ms="1348" status="PASS">
          <reporter-output>
          </reporter-output>
        </test-method> <!-- tearDownClass -->
      </class> <!-- com.TestRunner.runner -->
    </test> <!-- Default test -->
  </suite> <!-- Default suite -->
</testng-results>
